Determining if the Q_WS_WIN exist failed with the following output:
Change Dir: /net/cremi/gguerind/espaces/travail/BioVisu/spring-embedders/build/CMakeFiles/CMakeTmp

Run Build Command:/usr/bin/make "cmTryCompileExec1004449510/fast"
/usr/bin/make -f CMakeFiles/cmTryCompileExec1004449510.dir/build.make CMakeFiles/cmTryCompileExec1004449510.dir/build
make[1]: entrant dans le répertoire « /autofs/netapp/travail/gguerind/BioVisu/spring-embedders/build/CMakeFiles/CMakeTmp »
/usr/bin/cmake -E cmake_progress_report /net/cremi/gguerind/espaces/travail/BioVisu/spring-embedders/build/CMakeFiles/CMakeTmp/CMakeFiles 1
Building CXX object CMakeFiles/cmTryCompileExec1004449510.dir/CheckSymbolExists.cxx.o
/usr/bin/c++    -I/usr/include/qt4    -o CMakeFiles/cmTryCompileExec1004449510.dir/CheckSymbolExists.cxx.o -c /net/cremi/gguerind/espaces/travail/BioVisu/spring-embedders/build/CMakeFiles/CMakeTmp/CheckSymbolExists.cxx
/net/cremi/gguerind/espaces/travail/BioVisu/spring-embedders/build/CMakeFiles/CMakeTmp/CheckSymbolExists.cxx: In function ‘int main(int, char**)’:
/net/cremi/gguerind/espaces/travail/BioVisu/spring-embedders/build/CMakeFiles/CMakeTmp/CheckSymbolExists.cxx:8:19: error: ‘Q_WS_WIN’ was not declared in this scope
   return ((int*)(&Q_WS_WIN))[argc];
                   ^
make[1]: quittant le répertoire « /autofs/netapp/travail/gguerind/BioVisu/spring-embedders/build/CMakeFiles/CMakeTmp »
make[1]: *** [CMakeFiles/cmTryCompileExec1004449510.dir/CheckSymbolExists.cxx.o] Erreur 1
make: *** [cmTryCompileExec1004449510/fast] Erreur 2

File /net/cremi/gguerind/espaces/travail/BioVisu/spring-embedders/build/CMakeFiles/CMakeTmp/CheckSymbolExists.cxx:
/* */
#include <QtCore/qglobal.h>

int main(int argc, char** argv)
{
  (void)argv;
#ifndef Q_WS_WIN
  return ((int*)(&Q_WS_WIN))[argc];
#else
  (void)argc;
  return 0;
#endif
}

Determining if the Q_WS_QWS exist failed with the following output:
Change Dir: /net/cremi/gguerind/espaces/travail/BioVisu/spring-embedders/build/CMakeFiles/CMakeTmp

Run Build Command:/usr/bin/make "cmTryCompileExec258178930/fast"
/usr/bin/make -f CMakeFiles/cmTryCompileExec258178930.dir/build.make CMakeFiles/cmTryCompileExec258178930.dir/build
make[1]: entrant dans le répertoire « /autofs/netapp/travail/gguerind/BioVisu/spring-embedders/build/CMakeFiles/CMakeTmp »
/usr/bin/cmake -E cmake_progress_report /net/cremi/gguerind/espaces/travail/BioVisu/spring-embedders/build/CMakeFiles/CMakeTmp/CMakeFiles 1
Building CXX object CMakeFiles/cmTryCompileExec258178930.dir/CheckSymbolExists.cxx.o
/usr/bin/c++    -I/usr/include/qt4    -o CMakeFiles/cmTryCompileExec258178930.dir/CheckSymbolExists.cxx.o -c /net/cremi/gguerind/espaces/travail/BioVisu/spring-embedders/build/CMakeFiles/CMakeTmp/CheckSymbolExists.cxx
/net/cremi/gguerind/espaces/travail/BioVisu/spring-embedders/build/CMakeFiles/CMakeTmp/CheckSymbolExists.cxx: In function ‘int main(int, char**)’:
/net/cremi/gguerind/espaces/travail/BioVisu/spring-embedders/build/CMakeFiles/CMakeTmp/CheckSymbolExists.cxx:8:19: error: ‘Q_WS_QWS’ was not declared in this scope
   return ((int*)(&Q_WS_QWS))[argc];
                   ^
make[1]: quittant le répertoire « /autofs/netapp/travail/gguerind/BioVisu/spring-embedders/build/CMakeFiles/CMakeTmp »
make[1]: *** [CMakeFiles/cmTryCompileExec258178930.dir/CheckSymbolExists.cxx.o] Erreur 1
make: *** [cmTryCompileExec258178930/fast] Erreur 2

File /net/cremi/gguerind/espaces/travail/BioVisu/spring-embedders/build/CMakeFiles/CMakeTmp/CheckSymbolExists.cxx:
/* */
#include <QtCore/qglobal.h>

int main(int argc, char** argv)
{
  (void)argv;
#ifndef Q_WS_QWS
  return ((int*)(&Q_WS_QWS))[argc];
#else
  (void)argc;
  return 0;
#endif
}

Determining if the Q_WS_MAC exist failed with the following output:
Change Dir: /net/cremi/gguerind/espaces/travail/BioVisu/spring-embedders/build/CMakeFiles/CMakeTmp

Run Build Command:/usr/bin/make "cmTryCompileExec264398015/fast"
/usr/bin/make -f CMakeFiles/cmTryCompileExec264398015.dir/build.make CMakeFiles/cmTryCompileExec264398015.dir/build
make[1]: entrant dans le répertoire « /autofs/netapp/travail/gguerind/BioVisu/spring-embedders/build/CMakeFiles/CMakeTmp »
/usr/bin/cmake -E cmake_progress_report /net/cremi/gguerind/espaces/travail/BioVisu/spring-embedders/build/CMakeFiles/CMakeTmp/CMakeFiles 1
Building CXX object CMakeFiles/cmTryCompileExec264398015.dir/CheckSymbolExists.cxx.o
/usr/bin/c++    -I/usr/include/qt4    -o CMakeFiles/cmTryCompileExec264398015.dir/CheckSymbolExists.cxx.o -c /net/cremi/gguerind/espaces/travail/BioVisu/spring-embedders/build/CMakeFiles/CMakeTmp/CheckSymbolExists.cxx
/net/cremi/gguerind/espaces/travail/BioVisu/spring-embedders/build/CMakeFiles/CMakeTmp/CheckSymbolExists.cxx: In function ‘int main(int, char**)’:
/net/cremi/gguerind/espaces/travail/BioVisu/spring-embedders/build/CMakeFiles/CMakeTmp/CheckSymbolExists.cxx:8:19: error: ‘Q_WS_MAC’ was not declared in this scope
   return ((int*)(&Q_WS_MAC))[argc];
                   ^
make[1]: quittant le répertoire « /autofs/netapp/travail/gguerind/BioVisu/spring-embedders/build/CMakeFiles/CMakeTmp »
make[1]: *** [CMakeFiles/cmTryCompileExec264398015.dir/CheckSymbolExists.cxx.o] Erreur 1
make: *** [cmTryCompileExec264398015/fast] Erreur 2

File /net/cremi/gguerind/espaces/travail/BioVisu/spring-embedders/build/CMakeFiles/CMakeTmp/CheckSymbolExists.cxx:
/* */
#include <QtCore/qglobal.h>

int main(int argc, char** argv)
{
  (void)argv;
#ifndef Q_WS_MAC
  return ((int*)(&Q_WS_MAC))[argc];
#else
  (void)argc;
  return 0;
#endif
}

